Determining if the pthread_create exist failed with the following output:
Change Dir: /home/luka/ClionProjects/sbt/CMakeFiles/CMakeTmp

Run Build Command:"/usr/bin/make" "cmTC_f7953/fast"
/usr/bin/make -f CMakeFiles/cmTC_f7953.dir/build.make CMakeFiles/cmTC_f7953.dir/build
make[1]: Entering directory '/home/luka/ClionProjects/sbt/CMakeFiles/CMakeTmp'
Building C object CMakeFiles/cmTC_f7953.dir/CheckSymbolExists.c.o
/usr/bin/cc     -o CMakeFiles/cmTC_f7953.dir/CheckSymbolExists.c.o   -c /home/luka/ClionProjects/sbt/CMakeFiles/CMakeTmp/CheckSymbolExists.c
Linking C executable cmTC_f7953
/usr/bin/cmake -E cmake_link_script CMakeFiles/cmTC_f7953.dir/link.txt --verbose=1
/usr/bin/cc       CMakeFiles/cmTC_f7953.dir/CheckSymbolExists.c.o  -o cmTC_f7953 -rdynamic 
CMakeFiles/cmTC_f7953.dir/CheckSymbolExists.c.o: In function `main':
CheckSymbolExists.c:(.text+0x16): undefined reference to `pthread_create'
collect2: error: ld returned 1 exit status
CMakeFiles/cmTC_f7953.dir/build.make:97: recipe for target 'cmTC_f7953' failed
make[1]: *** [cmTC_f7953] Error 1
make[1]: Leaving directory '/home/luka/ClionProjects/sbt/CMakeFiles/CMakeTmp'
Makefile:126: recipe for target 'cmTC_f7953/fast' failed
make: *** [cmTC_f7953/fast] Error 2

File /home/luka/ClionProjects/sbt/CMakeFiles/CMakeTmp/CheckSymbolExists.c:
/* */
#include <pthread.h>

int main(int argc, char** argv)
{
  (void)argv;
#ifndef pthread_create
  return ((int*)(&pthread_create))[argc];
#else
  (void)argc;
  return 0;
#endif
}

Determining if the function pthread_create exists in the pthreads failed with the following output:
Change Dir: /home/luka/ClionProjects/sbt/CMakeFiles/CMakeTmp

Run Build Command:"/usr/bin/make" "cmTC_1054d/fast"
/usr/bin/make -f CMakeFiles/cmTC_1054d.dir/build.make CMakeFiles/cmTC_1054d.dir/build
make[1]: Entering directory '/home/luka/ClionProjects/sbt/CMakeFiles/CMakeTmp'
Building C object CMakeFiles/cmTC_1054d.dir/CheckFunctionExists.c.o
/usr/bin/cc    -DCHECK_FUNCTION_EXISTS=pthread_create   -o CMakeFiles/cmTC_1054d.dir/CheckFunctionExists.c.o   -c /usr/share/cmake-3.5/Modules/CheckFunctionExists.c
Linking C executable cmTC_1054d
/usr/bin/cmake -E cmake_link_script CMakeFiles/cmTC_1054d.dir/link.txt --verbose=1
/usr/bin/cc   -DCHECK_FUNCTION_EXISTS=pthread_create    CMakeFiles/cmTC_1054d.dir/CheckFunctionExists.c.o  -o cmTC_1054d -rdynamic -lpthreads 
/usr/bin/ld: cannot find -lpthreads
collect2: error: ld returned 1 exit status
CMakeFiles/cmTC_1054d.dir/build.make:97: recipe for target 'cmTC_1054d' failed
make[1]: *** [cmTC_1054d] Error 1
make[1]: Leaving directory '/home/luka/ClionProjects/sbt/CMakeFiles/CMakeTmp'
Makefile:126: recipe for target 'cmTC_1054d/fast' failed
make: *** [cmTC_1054d/fast] Error 2


